<?xml version="1.0" encoding="UTF-8"?>
<!-- Generated by org.testng.reporters.JUnitXMLReporter -->
<testsuite ignored="0" hostname="DESKTOP-QIMQ31F" failures="4" tests="4" name="Home Page Tests" time="64.972" errors="0" timestamp="2026-03-05T17:03:39 IST">
  <testcase classname="tests.Hometest" name="verifyLoginButton" time="20.107">
    <failure type="java.lang.AssertionError" message="❌ Login button nahi dikh raha! expected [true] but found [false]">
      <![CDATA[java.lang.AssertionError: ❌ Login button nahi dikh raha! expected [true] but found [false]
at tests.Hometest.verifyLoginButton(Hometest.java:48)
at java.base/java.util.ArrayList.forEach(ArrayList.java:1511)
... Removed 30 stack frames]]>
    </failure>
  </testcase> <!-- verifyLoginButton -->
  <testcase classname="tests.Hometest" name="verifyLogo" time="20.08">
    <failure type="java.lang.AssertionError" message="❌ Logo visible nahi hai! expected [true] but found [false]">
      <![CDATA[java.lang.AssertionError: ❌ Logo visible nahi hai! expected [true] but found [false]
at tests.Hometest.verifyLogo(Hometest.java:41)
at java.base/java.util.ArrayList.forEach(ArrayList.java:1511)
... Removed 30 stack frames]]>
    </failure>
  </testcase> <!-- verifyLogo -->
  <testcase classname="tests.Hometest" name="verifySearch" time="1.27">
    <failure type="org.openqa.selenium.ElementClickInterceptedException" message="element click intercepted: Element &amp;lt;button class=&amp;quot;XFwMiH&amp;quot; type=&amp;quot;submit&amp;quot; aria-label=&amp;quot;Search for Products, Brands and More&amp;quot; title=&amp;quot;Search for Products, Brands and More&amp;quot;&amp;gt;...&amp;lt;/button&amp;gt; is not clickable at point (127, 98). Other element would receive the click: &amp;lt;div class=&amp;quot;mcO4kT RFBkxv&amp;quot; tabindex=&amp;quot;-1&amp;quot;&amp;gt;...&amp;lt;/div&amp;gt;
  (Session info: chrome=145.0.7632.117)
Build info: version: &amp;apos;4.18.1&amp;apos;, revision: &amp;apos;b1d3319b48&amp;apos;
System info: os.name: &amp;apos;Windows 11&amp;apos;, os.arch: &amp;apos;amd64&amp;apos;, os.version: &amp;apos;10.0&amp;apos;, java.version: &amp;apos;17.0.14&amp;apos;
Driver info: org.openqa.selenium.chrome.ChromeDriver
Command: [e03f1314724f87424756c47be2237762, clickElement {id=f.B589571EAF3CC7FB161B914F706EEA9B.d.0FF51F8478BB0EA927FBDC0B7DE76FE0.e.37}]
Capabilities {acceptInsecureCerts: false, browserName: chrome, browserVersion: 145.0.7632.117, chrome: {chromedriverVersion: 145.0.7632.117 (de4e5d6e13b..., userDataDir: C:\Users\viva\AppData\Local...}, fedcm:accounts: true, goog:chromeOptions: {debuggerAddress: localhost:59053}, goog:processID: 6756, networkConnectionEnabled: false, pageLoadStrategy: normal, platformName: windows, proxy: Proxy(), se:cdp: ws://localhost:59053/devtoo..., se:cdpVersion: 145.0.7632.117, setWindowRect: true, strictFileInteractability: false, timeouts: {implicit: 0, pageLoad: 300000, script: 30000}, unhandledPromptBehavior: dismiss and notify, webauthn:extension:credBlob: true, webauthn:extension:largeBlob: true, webauthn:extension:minPinLength: true, webauthn:extension:prf: true, webauthn:virtualAuthenticators: true}
Element: [[ChromeDriver: chrome on windows (e03f1314724f87424756c47be2237762)] -&amp;gt; xpath: //button[@type=&amp;apos;submit&amp;apos;]]
Session ID: e03f1314724f87424756c47be2237762">
      <![CDATA[org.openqa.selenium.ElementClickInterceptedException: element click intercepted: Element <button class="XFwMiH" type="submit" aria-label="Search for Products, Brands and More" title="Search for Products, Brands and More">...</button> is not clickable at point (127, 98). Other element would receive the click: <div class="mcO4kT RFBkxv" tabindex="-1">...</div>
  (Session info: chrome=145.0.7632.117)
Build info: version: '4.18.1', revision: 'b1d3319b48'
System info: os.name: 'Windows 11', os.arch: 'amd64', os.version: '10.0', java.version: '17.0.14'
Driver info: org.openqa.selenium.chrome.ChromeDriver
Command: [e03f1314724f87424756c47be2237762, clickElement {id=f.B589571EAF3CC7FB161B914F706EEA9B.d.0FF51F8478BB0EA927FBDC0B7DE76FE0.e.37}]
Capabilities {acceptInsecureCerts: false, browserName: chrome, browserVersion: 145.0.7632.117, chrome: {chromedriverVersion: 145.0.7632.117 (de4e5d6e13b..., userDataDir: C:\Users\viva\AppData\Local...}, fedcm:accounts: true, goog:chromeOptions: {debuggerAddress: localhost:59053}, goog:processID: 6756, networkConnectionEnabled: false, pageLoadStrategy: normal, platformName: windows, proxy: Proxy(), se:cdp: ws://localhost:59053/devtoo..., se:cdpVersion: 145.0.7632.117, setWindowRect: true, strictFileInteractability: false, timeouts: {implicit: 0, pageLoad: 300000, script: 30000}, unhandledPromptBehavior: dismiss and notify, webauthn:extension:credBlob: true, webauthn:extension:largeBlob: true, webauthn:extension:minPinLength: true, webauthn:extension:prf: true, webauthn:virtualAuthenticators: true}
Element: [[ChromeDriver: chrome on windows (e03f1314724f87424756c47be2237762)] -> xpath: //button[@type='submit']]
Session ID: e03f1314724f87424756c47be2237762
at org.openqa.selenium.remote.ErrorCodec.decode(ErrorCodec.java:167)
at org.openqa.selenium.remote.codec.w3c.W3CHttpResponseCodec.decode(W3CHttpResponseCodec.java:138)
at org.openqa.selenium.remote.codec.w3c.W3CHttpResponseCodec.decode(W3CHttpResponseCodec.java:50)
at org.openqa.selenium.remote.HttpCommandExecutor.execute(HttpCommandExecutor.java:190)
at org.openqa.selenium.remote.service.DriverCommandExecutor.invokeExecute(DriverCommandExecutor.java:216)
at org.openqa.selenium.remote.service.DriverCommandExecutor.execute(DriverCommandExecutor.java:174)
at org.openqa.selenium.remote.RemoteWebDriver.execute(RemoteWebDriver.java:519)
at org.openqa.selenium.remote.RemoteWebElement.execute(RemoteWebElement.java:223)
at org.openqa.selenium.remote.RemoteWebElement.click(RemoteWebElement.java:76)
at org.openqa.selenium.support.pagefactory.internal.LocatingElementHandler.invoke(LocatingElementHandler.java:51)
at jdk.proxy2/jdk.proxy2.$Proxy12.click(Unknown Source)
at pages.HomePage.searchProduct(HomePage.java:86)
at tests.Hometest.verifySearch(Hometest.java:33)
at java.base/java.util.ArrayList.forEach(ArrayList.java:1511)
... Removed 36 stack frames]]>
    </failure>
  </testcase> <!-- verifySearch -->
  <testcase classname="tests.Hometest" name="verifyTitle" time="0.007">
    <failure type="java.lang.AssertionError" message="❌ Title mein Flipkart nahi hai! expected [true] but found [false]">
      <![CDATA[java.lang.AssertionError: ❌ Title mein Flipkart nahi hai! expected [true] but found [false]
at tests.Hometest.verifyTitle(Hometest.java:26)
at java.base/java.util.ArrayList.forEach(ArrayList.java:1511)
... Removed 30 stack frames]]>
    </failure>
  </testcase> <!-- verifyTitle -->
</testsuite> <!-- Home Page Tests -->
